\BOOKMARK [0][-]{Doc-Start}{ACKNOWLEDGEMENTS}{}% 1
\BOOKMARK [0][-]{Doc-Start}{ABSTRACT}{}% 2
\BOOKMARK [0][-]{chapter*.1}{LIST OF TABLES}{}% 3
\BOOKMARK [0][-]{chapter*.2}{LIST OF FIGURES}{}% 4
\BOOKMARK [0][-]{chapter*.3}{CHAPTER}{}% 5
\BOOKMARK [0][-]{chapter.1}{=1. Introduction}{}% 6
\BOOKMARK [1][-]{section.1.1}{Exascale}{chapter.1}% 7
\BOOKMARK [1][-]{section.1.2}{Ray tracing}{chapter.1}% 8
\BOOKMARK [0][-]{chapter.2}{=2. Previous Work}{}% 9
\BOOKMARK [1][-]{section.2.1}{Parallel and Distributed Computing}{chapter.2}% 10
\BOOKMARK [1][-]{section.2.2}{Petri Nets}{chapter.2}% 11
\BOOKMARK [1][-]{section.2.3}{Task-Based Programming Models}{chapter.2}% 12
\BOOKMARK [2][-]{subsection.2.3.1}{The CnC Programming Model}{section.2.3}% 13
\BOOKMARK [2][-]{subsection.2.3.2}{Example}{section.2.3}% 14
\BOOKMARK [1][-]{section.2.4}{Distributed and Parallel Ray Tracing}{chapter.2}% 15
\BOOKMARK [1][-]{section.2.5}{Embree}{chapter.2}% 16
\BOOKMARK [0][-]{chapter.3}{=3. Design}{}% 17
\BOOKMARK [1][-]{section.3.1}{Data Decomposition}{chapter.3}% 18
\BOOKMARK [1][-]{section.3.2}{Communication}{chapter.3}% 19
\BOOKMARK [1][-]{section.3.3}{Proposed System}{chapter.3}% 20
\BOOKMARK [0][-]{chapter.4}{=4. Implementation}{}% 21
\BOOKMARK [1][-]{section.4.1}{Implementation}{chapter.4}% 22
\BOOKMARK [1][-]{section.4.2}{Tags}{chapter.4}% 23
\BOOKMARK [1][-]{section.4.3}{Data Collections}{chapter.4}% 24
\BOOKMARK [1][-]{section.4.4}{Step Collections}{chapter.4}% 25
\BOOKMARK [2][-]{subsection.4.4.1}{DECOMPOSE\137DOMAIN}{section.4.4}% 26
\BOOKMARK [2][-]{subsection.4.4.2}{DISTRIBUTE\137LIGHTS}{section.4.4}% 27
\BOOKMARK [2][-]{subsection.4.4.3}{DISTRIBUTE\137RAYS}{section.4.4}% 28
\BOOKMARK [2][-]{subsection.4.4.4}{TRACE\137VOXEL}{section.4.4}% 29
\BOOKMARK [2][-]{subsection.4.4.5}{PRODUCE\137IMAGE}{section.4.4}% 30
\BOOKMARK [1][-]{section.4.5}{Textual CnC Graph File}{chapter.4}% 31
\BOOKMARK [0][-]{chapter.5}{=5. Evaluation}{}% 32
\BOOKMARK [0][-]{chapter.6}{=6. Conclusions}{}% 33
\BOOKMARK [0][-]{chapter*.16}{BIBLIOGRAPHY}{}% 34
